'/home/user/works/GeoChemFoam-4.8/ThirdParty/PhreeqcRM/lib/libPhreeqcRM.so' is up to date.
'/home/user/works/GeoChemFoam-4.8/lib/libreactionThermophysicalModelsGCFOAM.so' is up to date.
'/home/user/works/GeoChemFoam-4.8/lib/libfvMotionSolverGCFOAM.so' is up to date.
'/home/user/works/GeoChemFoam-4.8/lib/libfiniteVolumeGCFOAM.so' is up to date.
'/home/user/works/GeoChemFoam-4.8/lib/libmeshToolsGCFOAM.so' is up to date.
'/home/user/works/GeoChemFoam-4.8/lib/libinterfacePropertiesGCFOAM.so' is up to date.
make: '/home/user/works/GeoChemFoam-4.8/bin/multiSpeciesTransportFoam' is up to date.
make: '/home/user/works/GeoChemFoam-4.8/bin/reactiveTransportFoam' is up to date.
make: '/home/user/works/GeoChemFoam-4.8/bin/reactiveTransportALEFoam' is up to date.
make: '/home/user/works/GeoChemFoam-4.8/bin/reactiveTransportDBSFoam' is up to date.
make: '/home/user/works/GeoChemFoam-4.8/bin/interGCFoam' is up to date.
make: '/home/user/works/GeoChemFoam-4.8/bin/interOSFoam' is up to date.
make: '/home/user/works/GeoChemFoam-4.8/bin/interTransportFoam' is up to date.
make: '/home/user/works/GeoChemFoam-4.8/bin/interTransferFoam' is up to date.
make: '/home/user/works/GeoChemFoam-4.8/bin/interReactiveTransportFoam' is up to date.
make: '/home/user/works/GeoChemFoam-4.8/bin/interReactiveTransferFoam' is up to date.
make: '/home/user/works/GeoChemFoam-4.8/bin/simpleDBSFoam' is up to date.
make: '/home/user/works/GeoChemFoam-4.8/bin/heatTransportSimpleFoam' is up to date.
make: '/home/user/works/GeoChemFoam-4.8/bin/processPoroPerm' is up to date.
make: '/home/user/works/GeoChemFoam-4.8/bin/processConcentration' is up to date.
make: '/home/user/works/GeoChemFoam-4.8/bin/processSaturation' is up to date.
make: '/home/user/works/GeoChemFoam-4.8/bin/processMaxVelocity' is up to date.
make: '/home/user/works/GeoChemFoam-4.8/bin/processPhaseConcentration' is up to date.
make: '/home/user/works/GeoChemFoam-4.8/bin/processInterfaceTransfer' is up to date.
make: '/home/user/works/GeoChemFoam-4.8/bin/processMeshCellCenters' is up to date.
make: '/home/user/works/GeoChemFoam-4.8/bin/processPoroSurf' is up to date.
make: '/home/user/works/GeoChemFoam-4.8/bin/processSolidArea' is up to date.
make: '/home/user/works/GeoChemFoam-4.8/bin/processRelPerm' is up to date.
make: '/home/user/works/GeoChemFoam-4.8/bin/processHeatTransfer' is up to date.
make: '/home/user/works/GeoChemFoam-4.8/bin/smoothSolidSurface' is up to date.
